<?xml version="1.0" encoding="UTF-8"?>
<!-- Generated by org.testng.reporters.JUnitReportReporter -->
<testsuite hostname="Dragon" name="com.example.selenium.spree.ShoppingSpreeTests" tests="9" failures="0" timestamp="13 Feb 2016 00:30:37 GMT" time="26.379" errors="0">
  <testcase name="testCartPageTitle" time="2.481" classname="com.example.selenium.spree.ShoppingSpreeTests"/>
  <testcase name="testRefresh" time="3.029" classname="com.example.selenium.spree.ShoppingSpreeTests"/>
  <testcase name="testProductPageTitle" time="2.551" classname="com.example.selenium.spree.ShoppingSpreeTests"/>
  <testcase name="testSearchSpree" time="3.573" classname="com.example.selenium.spree.ShoppingSpreeTests"/>
  <testcase name="testDepartmentCombo" time="3.282" classname="com.example.selenium.spree.ShoppingSpreeTests"/>
  <testcase name="testCapabilities" time="1.915" classname="com.example.selenium.spree.ShoppingSpreeTests"/>
  <testcase name="testBackAndForth" time="3.280" classname="com.example.selenium.spree.ShoppingSpreeTests"/>
  <testcase name="testIeComments" time="2.710" classname="com.example.selenium.spree.ShoppingSpreeTests"/>
  <testcase name="testGetGoogleUrl" time="3.558" classname="com.example.selenium.spree.ShoppingSpreeTests"/>
</testsuite> <!-- com.example.selenium.spree.ShoppingSpreeTests -->
