<?xml version="1.0" encoding="UTF-8"?>
<!-- Generated by org.testng.reporters.JUnitReportReporter -->
<testsuite hostname="Dragon" name="com.example.selenium.spree.ShoppingSpreeTests" tests="30" failures="0" timestamp="13 Feb 2016 02:25:38 GMT" time="121.155" errors="0">
  <testcase name="testHomePageTitle" time="2.463" classname="com.example.selenium.spree.ShoppingSpreeTests"/>
  <testcase name="testProductPageTitle" time="3.074" classname="com.example.selenium.spree.ShoppingSpreeTests"/>
  <testcase name="testRefresh" time="3.037" classname="com.example.selenium.spree.ShoppingSpreeTests"/>
  <testcase name="testGetGoogleUrl" time="4.693" classname="com.example.selenium.spree.ShoppingSpreeTests"/>
  <testcase name="testDepartmentCombo" time="3.459" classname="com.example.selenium.spree.ShoppingSpreeTests"/>
  <testcase name="testBackAndForth" time="3.456" classname="com.example.selenium.spree.ShoppingSpreeTests"/>
  <testcase name="testCartPageTitle" time="4.072" classname="com.example.selenium.spree.ShoppingSpreeTests"/>
  <testcase name="testBackAndForth" time="4.388" classname="com.example.selenium.spree.ShoppingSpreeTests"/>
  <testcase name="testHomePageTitle" time="3.112" classname="com.example.selenium.spree.ShoppingSpreeTests"/>
  <testcase name="testDepartmentCombo" time="2.889" classname="com.example.selenium.spree.ShoppingSpreeTests"/>
  <testcase name="testRefresh" time="3.244" classname="com.example.selenium.spree.ShoppingSpreeTests"/>
  <testcase name="testGetGoogleUrl" time="4.363" classname="com.example.selenium.spree.ShoppingSpreeTests"/>
  <testcase name="testHomePageTitle" time="2.809" classname="com.example.selenium.spree.ShoppingSpreeTests"/>
  <testcase name="testIeComments" time="4.173" classname="com.example.selenium.spree.ShoppingSpreeTests"/>
  <testcase name="testDepartmentCombo" time="3.053" classname="com.example.selenium.spree.ShoppingSpreeTests"/>
  <testcase name="testSearchSpree" time="9.563" classname="com.example.selenium.spree.ShoppingSpreeTests"/>
  <testcase name="testProductPageTitle" time="2.800" classname="com.example.selenium.spree.ShoppingSpreeTests"/>
  <testcase name="testCapabilities" time="1.273" classname="com.example.selenium.spree.ShoppingSpreeTests"/>
  <testcase name="testRefresh" time="3.548" classname="com.example.selenium.spree.ShoppingSpreeTests"/>
  <testcase name="testBackAndForth" time="4.690" classname="com.example.selenium.spree.ShoppingSpreeTests"/>
  <testcase name="testCapabilities" time="2.843" classname="com.example.selenium.spree.ShoppingSpreeTests"/>
  <testcase name="testIeComments" time="2.442" classname="com.example.selenium.spree.ShoppingSpreeTests"/>
  <testcase name="testCartPageTitle" time="3.207" classname="com.example.selenium.spree.ShoppingSpreeTests"/>
  <testcase name="testIeComments" time="3.288" classname="com.example.selenium.spree.ShoppingSpreeTests"/>
  <testcase name="testSearchSpree" time="12.787" classname="com.example.selenium.spree.ShoppingSpreeTests"/>
  <testcase name="testCapabilities" time="2.594" classname="com.example.selenium.spree.ShoppingSpreeTests"/>
  <testcase name="testCartPageTitle" time="4.144" classname="com.example.selenium.spree.ShoppingSpreeTests"/>
  <testcase name="testGetGoogleUrl" time="2.948" classname="com.example.selenium.spree.ShoppingSpreeTests"/>
  <testcase name="testProductPageTitle" time="2.844" classname="com.example.selenium.spree.ShoppingSpreeTests"/>
  <testcase name="testSearchSpree" time="9.899" classname="com.example.selenium.spree.ShoppingSpreeTests"/>
</testsuite> <!-- com.example.selenium.spree.ShoppingSpreeTests -->
